{"total": {"lines":{"total":89,"covered":52,"skipped":0,"pct":58.42},"statements":{"total":90,"covered":53,"skipped":0,"pct":58.88},"functions":{"total":9,"covered":7,"skipped":0,"pct":77.77},"branches":{"total":34,"covered":16,"skipped":0,"pct":47.05},"branchesTrue":{"total":0,"covered":0,"skipped":0,"pct":"Unknown"}}
,"C:\\school\\2.2\\DEVOP\\DevOps_PROJECT\\public\\js\\ReservationWind.js": {"lines":{"total":43,"covered":11,"skipped":0,"pct":25.58},"functions":{"total":4,"covered":2,"skipped":0,"pct":50},"statements":{"total":44,"covered":12,"skipped":0,"pct":27.27},"branches":{"total":14,"covered":0,"skipped":0,"pct":0}}
,"C:\\school\\2.2\\DEVOP\\DevOps_PROJECT\\public\\js\\update.js": {"lines":{"total":46,"covered":41,"skipped":0,"pct":89.13},"functions":{"total":5,"covered":5,"skipped":0,"pct":100},"statements":{"total":46,"covered":41,"skipped":0,"pct":89.13},"branches":{"total":20,"covered":16,"skipped":0,"pct":80}}
}
