TN:
SF:public\js\ReservationWind.js
FN:1,createReservation
FN:24,(anonymous_1)
FN:48,viewReservation
FN:55,(anonymous_3)
FNF:4
FNH:2
FNDA:0,createReservation
FNDA:0,(anonymous_1)
FNDA:7,viewReservation
FNDA:5,(anonymous_3)
DA:2,0
DA:4,0
DA:5,0
DA:6,0
DA:7,0
DA:8,0
DA:9,0
DA:10,0
DA:13,0
DA:14,0
DA:15,0
DA:16,0
DA:19,0
DA:21,0
DA:22,0
DA:24,0
DA:25,0
DA:26,0
DA:27,0
DA:28,0
DA:30,0
DA:31,0
DA:32,0
DA:33,0
DA:34,0
DA:35,0
DA:36,0
DA:37,0
DA:38,0
DA:39,0
DA:40,0
DA:45,0
DA:49,7
DA:50,7
DA:52,7
DA:53,7
DA:55,7
DA:56,5
DA:58,5
DA:59,5
DA:61,13
DA:77,5
DA:80,7
LF:43
LH:11
BRDA:13,0,0,0
BRDA:13,0,1,0
BRDA:13,1,0,0
BRDA:13,1,1,0
BRDA:13,1,2,0
BRDA:13,1,3,0
BRDA:13,1,4,0
BRDA:13,1,5,0
BRDA:25,2,0,0
BRDA:25,2,1,0
BRDA:27,3,0,0
BRDA:27,3,1,0
BRDA:32,4,0,0
BRDA:32,4,1,0
BRF:14
BRH:0
end_of_record
TN:
SF:public\js\update.js
FN:1,editReservation
FN:13,updateReservation
FN:51,(anonymous_2)
FN:66,deleteReservation
FN:71,(anonymous_4)
FNF:5
FNH:5
FNDA:3,editReservation
FNDA:3,updateReservation
FNDA:1,(anonymous_2)
FNDA:1,deleteReservation
FNDA:1,(anonymous_4)
DA:2,3
DA:3,3
DA:4,3
DA:5,3
DA:6,3
DA:7,3
DA:8,3
DA:9,3
DA:10,3
DA:14,3
DA:24,3
DA:25,1
DA:26,1
DA:27,1
DA:31,2
DA:32,1
DA:33,1
DA:34,1
DA:37,1
DA:38,0
DA:39,0
DA:40,0
DA:44,1
DA:45,0
DA:48,1
DA:49,1
DA:50,1
DA:51,1
DA:52,1
DA:53,1
DA:54,1
DA:55,1
DA:56,1
DA:58,0
DA:59,0
DA:62,1
DA:67,1
DA:68,1
DA:69,1
DA:70,1
DA:71,1
DA:72,1
DA:73,1
DA:74,1
DA:76,0
DA:79,1
LF:46
LH:39
BRDA:24,0,0,1
BRDA:24,0,1,2
BRDA:24,1,0,3
BRDA:24,1,1,2
BRDA:24,1,2,2
BRDA:24,1,3,2
BRDA:24,1,4,2
BRDA:24,1,5,2
BRDA:31,2,0,1
BRDA:31,2,1,1
BRDA:37,3,0,0
BRDA:37,3,1,1
BRDA:44,4,0,0
BRDA:44,4,1,1
BRDA:53,5,0,1
BRDA:53,5,1,0
BRDA:58,6,0,0
BRDA:58,6,1,0
BRDA:73,7,0,1
BRDA:73,7,1,0
BRF:20
BRH:14
end_of_record
